mode: set
movies_backend/controllers/cast_controller.go:16.75,20.2 1 1
movies_backend/controllers/cast_controller.go:22.56,25.50 2 1
movies_backend/controllers/cast_controller.go:25.50,28.3 2 1
movies_backend/controllers/cast_controller.go:30.2,30.46 1 1
movies_backend/controllers/cast_controller.go:30.46,33.3 2 1
movies_backend/controllers/cast_controller.go:35.2,35.57 1 1
movies_backend/controllers/cast_controller.go:35.57,38.3 2 1
movies_backend/controllers/cast_controller.go:40.2,40.57 1 1
movies_backend/controllers/cast_controller.go:43.53,45.16 2 1
movies_backend/controllers/cast_controller.go:45.16,48.3 2 1
movies_backend/controllers/cast_controller.go:49.2,51.16 2 1
movies_backend/controllers/cast_controller.go:51.16,54.3 2 1
movies_backend/controllers/cast_controller.go:55.2,55.31 1 1
movies_backend/controllers/cast_controller.go:58.56,61.50 2 1
movies_backend/controllers/cast_controller.go:61.50,64.3 2 1
movies_backend/controllers/cast_controller.go:66.2,66.46 1 1
movies_backend/controllers/cast_controller.go:66.46,69.3 2 1
movies_backend/controllers/cast_controller.go:71.2,71.57 1 1
movies_backend/controllers/cast_controller.go:71.57,74.3 2 1
movies_backend/controllers/cast_controller.go:76.2,76.57 1 1
movies_backend/controllers/cast_controller.go:79.56,82.39 2 1
movies_backend/controllers/cast_controller.go:82.39,85.3 2 1
movies_backend/controllers/cast_controller.go:87.2,89.16 2 1
movies_backend/controllers/cast_controller.go:89.16,92.3 2 1
movies_backend/controllers/cast_controller.go:94.2,94.57 1 1
movies_backend/controllers/cast_controller.go:97.66,107.2 5 1
movies_backend/controllers/crew_controller.go:16.75,20.2 1 1
movies_backend/controllers/crew_controller.go:22.56,24.50 2 1
movies_backend/controllers/crew_controller.go:24.50,27.3 2 1
movies_backend/controllers/crew_controller.go:29.2,29.46 1 1
movies_backend/controllers/crew_controller.go:29.46,32.3 2 1
movies_backend/controllers/crew_controller.go:34.2,34.57 1 1
movies_backend/controllers/crew_controller.go:34.57,37.3 2 1
movies_backend/controllers/crew_controller.go:39.2,39.57 1 1
movies_backend/controllers/crew_controller.go:42.53,44.16 2 1
movies_backend/controllers/crew_controller.go:44.16,47.3 2 1
movies_backend/controllers/crew_controller.go:48.2,50.16 2 1
movies_backend/controllers/crew_controller.go:50.16,53.3 2 1
movies_backend/controllers/crew_controller.go:54.2,54.31 1 1
movies_backend/controllers/crew_controller.go:57.56,60.50 2 1
movies_backend/controllers/crew_controller.go:60.50,63.3 2 1
movies_backend/controllers/crew_controller.go:65.2,65.46 1 1
movies_backend/controllers/crew_controller.go:65.46,68.3 2 1
movies_backend/controllers/crew_controller.go:70.2,70.57 1 1
movies_backend/controllers/crew_controller.go:70.57,73.3 2 1
movies_backend/controllers/crew_controller.go:75.2,75.57 1 1
movies_backend/controllers/crew_controller.go:78.56,81.39 2 1
movies_backend/controllers/crew_controller.go:81.39,84.3 2 1
movies_backend/controllers/crew_controller.go:85.2,87.16 2 1
movies_backend/controllers/crew_controller.go:87.16,90.3 2 1
movies_backend/controllers/crew_controller.go:92.2,92.57 1 1
movies_backend/controllers/crew_controller.go:95.66,105.2 5 1
movies_backend/controllers/keyword_controller.go:16.87,20.2 1 1
movies_backend/controllers/keyword_controller.go:22.62,24.53 2 1
movies_backend/controllers/keyword_controller.go:24.53,27.3 2 1
movies_backend/controllers/keyword_controller.go:29.2,29.59 1 1
movies_backend/controllers/keyword_controller.go:29.59,32.3 2 1
movies_backend/controllers/keyword_controller.go:34.2,34.66 1 1
movies_backend/controllers/keyword_controller.go:34.66,37.3 2 1
movies_backend/controllers/keyword_controller.go:39.2,39.57 1 1
movies_backend/controllers/keyword_controller.go:43.59,45.16 2 1
movies_backend/controllers/keyword_controller.go:45.16,48.3 2 1
movies_backend/controllers/keyword_controller.go:49.2,51.16 2 1
movies_backend/controllers/keyword_controller.go:51.16,54.3 2 1
movies_backend/controllers/keyword_controller.go:55.2,55.34 1 1
movies_backend/controllers/keyword_controller.go:58.62,61.53 2 1
movies_backend/controllers/keyword_controller.go:61.53,64.3 2 1
movies_backend/controllers/keyword_controller.go:66.2,66.59 1 1
movies_backend/controllers/keyword_controller.go:66.59,69.3 2 1
movies_backend/controllers/keyword_controller.go:71.2,71.66 1 1
movies_backend/controllers/keyword_controller.go:71.66,74.3 2 1
movies_backend/controllers/keyword_controller.go:76.2,76.57 1 1
movies_backend/controllers/keyword_controller.go:79.62,82.39 2 1
movies_backend/controllers/keyword_controller.go:82.39,85.3 2 1
movies_backend/controllers/keyword_controller.go:86.2,88.16 2 1
movies_backend/controllers/keyword_controller.go:88.16,91.3 2 1
movies_backend/controllers/keyword_controller.go:93.2,93.57 1 1
movies_backend/controllers/keyword_controller.go:96.72,106.2 5 1
movies_backend/controllers/movies_controller.go:18.79,22.2 1 1
movies_backend/controllers/movies_controller.go:24.58,26.51 2 1
movies_backend/controllers/movies_controller.go:26.51,29.3 2 1
movies_backend/controllers/movies_controller.go:31.2,31.29 1 1
movies_backend/controllers/movies_controller.go:31.29,34.3 2 1
movies_backend/controllers/movies_controller.go:36.2,36.60 1 1
movies_backend/controllers/movies_controller.go:36.60,39.3 2 1
movies_backend/controllers/movies_controller.go:41.2,41.57 1 1
movies_backend/controllers/movies_controller.go:45.59,47.52 2 1
movies_backend/controllers/movies_controller.go:47.52,50.3 2 1
movies_backend/controllers/movies_controller.go:52.2,52.61 1 0
movies_backend/controllers/movies_controller.go:52.61,55.3 2 0
movies_backend/controllers/movies_controller.go:57.2,57.57 1 0
movies_backend/controllers/movies_controller.go:60.55,62.16 2 1
movies_backend/controllers/movies_controller.go:62.16,65.3 2 1
movies_backend/controllers/movies_controller.go:66.2,68.16 2 1
movies_backend/controllers/movies_controller.go:68.16,71.3 2 1
movies_backend/controllers/movies_controller.go:72.2,72.32 1 1
movies_backend/controllers/movies_controller.go:75.62,79.45 3 1
movies_backend/controllers/movies_controller.go:79.45,82.3 2 1
movies_backend/controllers/movies_controller.go:84.2,88.16 3 1
movies_backend/controllers/movies_controller.go:88.16,91.3 2 1
movies_backend/controllers/movies_controller.go:92.2,97.4 1 0
movies_backend/controllers/movies_controller.go:100.58,105.45 4 1
movies_backend/controllers/movies_controller.go:105.45,108.3 2 1
movies_backend/controllers/movies_controller.go:110.2,114.16 3 1
movies_backend/controllers/movies_controller.go:114.16,117.3 2 1
movies_backend/controllers/movies_controller.go:118.2,118.33 1 0
movies_backend/controllers/movies_controller.go:121.58,124.51 2 1
movies_backend/controllers/movies_controller.go:124.51,127.3 2 1
movies_backend/controllers/movies_controller.go:129.2,129.29 1 1
movies_backend/controllers/movies_controller.go:129.29,132.3 2 1
movies_backend/controllers/movies_controller.go:134.2,134.60 1 1
movies_backend/controllers/movies_controller.go:134.60,137.3 2 1
movies_backend/controllers/movies_controller.go:139.2,139.57 1 1
movies_backend/controllers/movies_controller.go:142.58,145.39 2 1
movies_backend/controllers/movies_controller.go:145.39,148.3 2 1
movies_backend/controllers/movies_controller.go:149.2,151.16 2 1
movies_backend/controllers/movies_controller.go:151.16,154.3 2 1
movies_backend/controllers/movies_controller.go:156.2,156.57 1 1
movies_backend/controllers/movies_controller.go:159.47,161.50 1 1
movies_backend/controllers/movies_controller.go:161.50,163.3 1 1
movies_backend/controllers/movies_controller.go:165.2,165.37 1 1
movies_backend/controllers/movies_controller.go:165.37,166.40 1 1
movies_backend/controllers/movies_controller.go:166.40,168.4 1 0
movies_backend/controllers/movies_controller.go:172.2,172.52 1 1
movies_backend/controllers/movies_controller.go:172.52,173.44 1 1
movies_backend/controllers/movies_controller.go:173.44,175.4 1 0
movies_backend/controllers/movies_controller.go:179.2,179.52 1 1
movies_backend/controllers/movies_controller.go:179.52,180.52 1 1
movies_backend/controllers/movies_controller.go:180.52,182.4 1 0
movies_backend/controllers/movies_controller.go:186.2,186.49 1 1
movies_backend/controllers/movies_controller.go:186.49,187.83 1 1
movies_backend/controllers/movies_controller.go:187.83,189.4 1 0
movies_backend/controllers/movies_controller.go:191.2,191.13 1 1
movies_backend/controllers/movies_controller.go:194.68,210.2 8 1
movies_backend/controllers/rating_controller.go:17.83,21.2 1 1
movies_backend/controllers/rating_controller.go:23.60,25.52 2 1
movies_backend/controllers/rating_controller.go:25.52,28.3 2 1
movies_backend/controllers/rating_controller.go:30.2,30.93 1 1
movies_backend/controllers/rating_controller.go:30.93,33.3 2 1
movies_backend/controllers/rating_controller.go:35.2,35.63 1 1
movies_backend/controllers/rating_controller.go:35.63,38.3 2 1
movies_backend/controllers/rating_controller.go:40.2,40.57 1 1
movies_backend/controllers/rating_controller.go:44.60,47.52 2 1
movies_backend/controllers/rating_controller.go:47.52,50.3 2 1
movies_backend/controllers/rating_controller.go:52.2,52.93 1 1
movies_backend/controllers/rating_controller.go:52.93,55.3 2 1
movies_backend/controllers/rating_controller.go:57.2,57.63 1 1
movies_backend/controllers/rating_controller.go:57.63,60.3 2 1
movies_backend/controllers/rating_controller.go:62.2,62.57 1 1
movies_backend/controllers/rating_controller.go:65.60,67.39 2 1
movies_backend/controllers/rating_controller.go:67.39,71.3 3 1
movies_backend/controllers/rating_controller.go:73.2,74.38 2 1
movies_backend/controllers/rating_controller.go:74.38,77.3 2 1
movies_backend/controllers/rating_controller.go:79.2,81.16 2 1
movies_backend/controllers/rating_controller.go:81.16,84.3 2 1
movies_backend/controllers/rating_controller.go:86.2,86.57 1 1
movies_backend/controllers/rating_controller.go:89.63,91.39 2 1
movies_backend/controllers/rating_controller.go:91.39,94.3 2 1
movies_backend/controllers/rating_controller.go:96.2,98.16 2 1
movies_backend/controllers/rating_controller.go:98.16,101.3 2 1
movies_backend/controllers/rating_controller.go:102.2,102.34 1 0
movies_backend/controllers/rating_controller.go:105.62,107.38 2 1
movies_backend/controllers/rating_controller.go:107.38,110.3 2 1
movies_backend/controllers/rating_controller.go:112.2,114.16 2 1
movies_backend/controllers/rating_controller.go:114.16,117.3 2 1
movies_backend/controllers/rating_controller.go:118.2,118.34 1 1
movies_backend/controllers/rating_controller.go:121.70,133.2 6 1
movies_backend/controllers/user_controller.go:17.75,21.2 1 1
movies_backend/controllers/user_controller.go:23.56,25.50 2 1
movies_backend/controllers/user_controller.go:25.50,28.3 2 1
movies_backend/controllers/user_controller.go:30.2,30.72 1 1
movies_backend/controllers/user_controller.go:30.72,33.3 2 1
movies_backend/controllers/user_controller.go:34.2,35.16 2 1
movies_backend/controllers/user_controller.go:35.16,37.3 1 0
movies_backend/controllers/user_controller.go:38.2,40.57 2 1
movies_backend/controllers/user_controller.go:40.57,43.3 2 1
movies_backend/controllers/user_controller.go:45.2,45.57 1 1
movies_backend/controllers/user_controller.go:48.53,50.16 2 1
movies_backend/controllers/user_controller.go:50.16,53.3 2 1
movies_backend/controllers/user_controller.go:54.2,56.16 2 1
movies_backend/controllers/user_controller.go:56.16,59.3 2 1
movies_backend/controllers/user_controller.go:60.2,60.31 1 1
movies_backend/controllers/user_controller.go:63.56,66.50 2 1
movies_backend/controllers/user_controller.go:66.50,69.3 2 1
movies_backend/controllers/user_controller.go:71.2,71.72 1 1
movies_backend/controllers/user_controller.go:71.72,74.3 2 1
movies_backend/controllers/user_controller.go:76.2,76.57 1 1
movies_backend/controllers/user_controller.go:76.57,79.3 2 1
movies_backend/controllers/user_controller.go:81.2,81.57 1 1
movies_backend/controllers/user_controller.go:84.56,87.38 2 1
movies_backend/controllers/user_controller.go:87.38,90.3 2 1
movies_backend/controllers/user_controller.go:91.2,93.16 2 1
movies_backend/controllers/user_controller.go:93.16,96.3 2 1
movies_backend/controllers/user_controller.go:98.2,98.57 1 1
movies_backend/controllers/user_controller.go:101.51,107.58 2 0
movies_backend/controllers/user_controller.go:107.58,110.3 2 0
movies_backend/controllers/user_controller.go:113.2,115.16 2 0
movies_backend/controllers/user_controller.go:115.16,117.3 1 0
movies_backend/controllers/user_controller.go:119.2,120.22 2 0
movies_backend/controllers/user_controller.go:120.22,123.3 2 0
movies_backend/controllers/user_controller.go:126.2,127.16 2 0
movies_backend/controllers/user_controller.go:127.16,130.3 2 0
movies_backend/controllers/user_controller.go:132.2,132.62 1 0
movies_backend/controllers/user_controller.go:135.63,138.2 2 0
movies_backend/controllers/user_controller.go:141.66,155.2 7 1
